2023-12-08T16:04:00.715Z error: uncaughtException: This is a custom error
Error: This is a custom error
    at C:\Users\MAINAK\Dropbox\PC\Desktop\Custom-Logger-for-Node-JS-Application\index.js:27:11
    at Layer.handle [as handle_request] (C:\Users\MAINAK\Dropbox\PC\Desktop\Custom-Logger-for-Node-JS-Application\node_modules\express\lib\router\layer.js:95:5)
    at next (C:\Users\MAINAK\Dropbox\PC\Desktop\Custom-Logger-for-Node-JS-Application\node_modules\express\lib\router\route.js:144:13)
    at Route.dispatch (C:\Users\MAINAK\Dropbox\PC\Desktop\Custom-Logger-for-Node-JS-Application\node_modules\express\lib\router\route.js:114:3)
    at Layer.handle [as handle_request] (C:\Users\MAINAK\Dropbox\PC\Desktop\Custom-Logger-for-Node-JS-Application\node_modules\express\lib\router\layer.js:95:5)
    at C:\Users\MAINAK\Dropbox\PC\Desktop\Custom-Logger-for-Node-JS-Application\node_modules\express\lib\router\index.js:284:15
    at Function.process_params (C:\Users\MAINAK\Dropbox\PC\Desktop\Custom-Logger-for-Node-JS-Application\node_modules\express\lib\router\index.js:346:12)
    at next (C:\Users\MAINAK\Dropbox\PC\Desktop\Custom-Logger-for-Node-JS-Application\node_modules\express\lib\router\index.js:280:10)
    at C:\Users\MAINAK\Dropbox\PC\Desktop\Custom-Logger-for-Node-JS-Application\node_modules\express-winston\index.js:429:9
    at Layer.handle [as handle_request] (C:\Users\MAINAK\Dropbox\PC\Desktop\Custom-Logger-for-Node-JS-Application\node_modules\express\lib\router\layer.js:95:5)
2023-12-08T18:02:04.504Z error: uncaughtException: This is a custom error
Error: This is a custom error
    at C:\Users\MAINAK\Dropbox\PC\Desktop\Custom-Logger-for-Node-JS-Application\index.js:26:11
    at Layer.handle [as handle_request] (C:\Users\MAINAK\Dropbox\PC\Desktop\Custom-Logger-for-Node-JS-Application\node_modules\express\lib\router\layer.js:95:5)
    at next (C:\Users\MAINAK\Dropbox\PC\Desktop\Custom-Logger-for-Node-JS-Application\node_modules\express\lib\router\route.js:144:13)
    at Route.dispatch (C:\Users\MAINAK\Dropbox\PC\Desktop\Custom-Logger-for-Node-JS-Application\node_modules\express\lib\router\route.js:114:3)
    at Layer.handle [as handle_request] (C:\Users\MAINAK\Dropbox\PC\Desktop\Custom-Logger-for-Node-JS-Application\node_modules\express\lib\router\layer.js:95:5)
    at C:\Users\MAINAK\Dropbox\PC\Desktop\Custom-Logger-for-Node-JS-Application\node_modules\express\lib\router\index.js:284:15
    at Function.process_params (C:\Users\MAINAK\Dropbox\PC\Desktop\Custom-Logger-for-Node-JS-Application\node_modules\express\lib\router\index.js:346:12)
    at next (C:\Users\MAINAK\Dropbox\PC\Desktop\Custom-Logger-for-Node-JS-Application\node_modules\express\lib\router\index.js:280:10)
    at C:\Users\MAINAK\Dropbox\PC\Desktop\Custom-Logger-for-Node-JS-Application\node_modules\express-winston\index.js:429:9
    at Layer.handle [as handle_request] (C:\Users\MAINAK\Dropbox\PC\Desktop\Custom-Logger-for-Node-JS-Application\node_modules\express\lib\router\layer.js:95:5)
